[2025-11-04T06:56:29Z] Script started (version 2.1.0)
[2025-11-04T06:56:29Z] Detected existing registration
[2025-11-04T06:56:31Z] User chose: Register new user
[2025-11-04T06:56:31Z] Detected existing registration
[2025-11-04T06:56:32Z] User chose: Re-register
[2025-11-04T06:56:32Z] Created backup: .env.bak.20251104T065632Z
[2025-11-04T06:56:32Z] Created backup: .cloudflare-config.json.bak.20251104T065632Z
[2025-11-04T06:56:45Z] Beginning registration process
[2025-11-04T06:56:45Z] Backed up config to: .cloudflare-config.json.bak.20251104T065645Z
[2025-11-04T06:56:59Z] Registration completed successfully
[2025-11-04T06:57:03Z] Passphrase saved to .env (user confirmed)
[2025-11-04T06:57:03Z] Generated start-monitoring.sh script
[2025-11-04T06:57:03Z] Registration summary displayed
[2025-11-04T06:57:15Z] Script completed successfully
[2025-11-04T07:21:40Z] Script started (version 2.1.0)
[2025-11-04T07:21:40Z] Detected existing registration
[2025-11-04T07:21:41Z] User chose: Register new user
[2025-11-04T07:21:41Z] Detected existing registration
[2025-11-04T07:21:42Z] User chose: Re-register
[2025-11-04T07:21:42Z] Created backup: .env.bak.20251104T072142Z
[2025-11-04T07:21:42Z] Created backup: .cloudflare-config.json.bak.20251104T072142Z
[2025-11-04T07:21:46Z] Beginning registration process
[2025-11-04T07:21:46Z] Backed up config to: .cloudflare-config.json.bak.20251104T072146Z
[2025-11-04T07:22:00Z] Registration completed successfully
[2025-11-04T07:23:21Z] Passphrase saved to .env (user confirmed)
[2025-11-04T07:23:21Z] Generated start-monitoring.sh script
[2025-11-04T07:23:21Z] Registration summary displayed
[2025-11-04T07:24:03Z] Script completed successfully
[2025-11-04T07:34:59Z] Script started (version 2.1.0)
[2025-11-04T07:34:59Z] Detected existing registration
[2025-11-04T07:35:01Z] User chose: Register new user
[2025-11-04T07:35:01Z] Detected existing registration
[2025-11-04T07:35:02Z] User chose: Re-register
[2025-11-04T07:35:02Z] Stopping uploader PID: 618141
[2025-11-04T07:35:02Z] Created backup: .env.bak.20251104T073502Z
[2025-11-04T07:35:02Z] Created backup: .cloudflare-config.json.bak.20251104T073502Z
[2025-11-04T07:35:10Z] Beginning registration process
[2025-11-04T07:35:10Z] Backed up config to: .cloudflare-config.json.bak.20251104T073510Z
[2025-11-04T07:35:29Z] Registration completed successfully
[2025-11-04T07:35:32Z] Passphrase saved to .env (user confirmed)
[2025-11-04T07:35:32Z] Generated start-monitoring.sh script
[2025-11-04T07:35:32Z] Registration summary displayed
[2025-11-04T07:35:57Z] Script completed successfully
[2025-11-04T07:44:39Z] Script started (version 2.1.0)
[2025-11-04T07:44:39Z] Detected existing registration
[2025-11-04T07:44:41Z] User chose: Register new user
[2025-11-04T07:44:41Z] Detected existing registration
[2025-11-04T07:44:42Z] User chose: Re-register
[2025-11-04T07:44:42Z] Created backup: .env.bak.20251104T074442Z
[2025-11-04T07:44:42Z] Created backup: .cloudflare-config.json.bak.20251104T074442Z
[2025-11-04T07:44:44Z] Beginning registration process
[2025-11-04T07:44:44Z] Backed up config to: .cloudflare-config.json.bak.20251104T074444Z
[2025-11-04T07:45:39Z] Registration completed successfully
[2025-11-04T07:45:44Z] Passphrase saved to .env (user confirmed)
[2025-11-04T07:45:44Z] Generated start-monitoring.sh script
[2025-11-04T07:45:44Z] Registration summary displayed
[2025-11-04T07:46:01Z] Script completed successfully
